0 info it worked if it ends with ok
1 verbose cli [ '/usr/local/bin/node',
1 verbose cli   '/usr/local/bin/npm',
1 verbose cli   '-g',
1 verbose cli   'install',
1 verbose cli   'grunt-cli',
1 verbose cli   'karma',
1 verbose cli   'bower' ]
2 info using npm@1.4.28
3 info using node@v0.10.33
4 verbose cache add [ 'grunt-cli', null ]
5 verbose cache add name=undefined spec="grunt-cli" args=["grunt-cli",null]
6 verbose parsed url { protocol: null,
6 verbose parsed url   slashes: null,
6 verbose parsed url   auth: null,
6 verbose parsed url   host: null,
6 verbose parsed url   port: null,
6 verbose parsed url   hostname: null,
6 verbose parsed url   hash: null,
6 verbose parsed url   search: null,
6 verbose parsed url   query: null,
6 verbose parsed url   pathname: 'grunt-cli',
6 verbose parsed url   path: 'grunt-cli',
6 verbose parsed url   href: 'grunt-cli' }
7 verbose cache add [ 'karma', null ]
8 verbose cache add name=undefined spec="karma" args=["karma",null]
9 verbose parsed url { protocol: null,
9 verbose parsed url   slashes: null,
9 verbose parsed url   auth: null,
9 verbose parsed url   host: null,
9 verbose parsed url   port: null,
9 verbose parsed url   hostname: null,
9 verbose parsed url   hash: null,
9 verbose parsed url   search: null,
9 verbose parsed url   query: null,
9 verbose parsed url   pathname: 'karma',
9 verbose parsed url   path: 'karma',
9 verbose parsed url   href: 'karma' }
10 verbose cache add [ 'bower', null ]
11 verbose cache add name=undefined spec="bower" args=["bower",null]
12 verbose parsed url { protocol: null,
12 verbose parsed url   slashes: null,
12 verbose parsed url   auth: null,
12 verbose parsed url   host: null,
12 verbose parsed url   port: null,
12 verbose parsed url   hostname: null,
12 verbose parsed url   hash: null,
12 verbose parsed url   search: null,
12 verbose parsed url   query: null,
12 verbose parsed url   pathname: 'bower',
12 verbose parsed url   path: 'bower',
12 verbose parsed url   href: 'bower' }
13 silly lockFile 671ef8ac-grunt-cli grunt-cli
14 verbose lock grunt-cli /root/.npm/671ef8ac-grunt-cli.lock
15 silly lockFile 512423cb-karma karma
16 verbose lock karma /root/.npm/512423cb-karma.lock
17 silly lockFile 206e3ce5-bower bower
18 verbose lock bower /root/.npm/206e3ce5-bower.lock
19 silly lockFile 671ef8ac-grunt-cli grunt-cli
20 silly lockFile 671ef8ac-grunt-cli grunt-cli
21 verbose addNamed [ 'grunt-cli', '' ]
22 verbose addNamed [ null, '*' ]
23 silly lockFile d63f3d0b-grunt-cli grunt-cli@
24 verbose lock grunt-cli@ /root/.npm/d63f3d0b-grunt-cli.lock
25 silly lockFile 206e3ce5-bower bower
26 silly lockFile 206e3ce5-bower bower
27 verbose addNamed [ 'bower', '' ]
28 verbose addNamed [ null, '*' ]
29 silly lockFile 1240aab1-bower bower@
30 verbose lock bower@ /root/.npm/1240aab1-bower.lock
31 silly addNameRange { name: 'grunt-cli', range: '*', hasData: false }
32 silly lockFile 512423cb-karma karma
33 silly lockFile 512423cb-karma karma
34 verbose request where is /grunt-cli
35 verbose request registry https://registry.npmjs.org/
36 verbose request id 2d3fb0ea7b6ec219
37 verbose url raw /grunt-cli
38 verbose url resolving [ 'https://registry.npmjs.org/', './grunt-cli' ]
39 verbose url resolved https://registry.npmjs.org/grunt-cli
40 verbose request where is https://registry.npmjs.org/grunt-cli
41 info trying registry request attempt 1 at 14:46:43
42 http GET https://registry.npmjs.org/grunt-cli
43 verbose addNamed [ 'karma', '' ]
44 verbose addNamed [ null, '*' ]
45 silly lockFile cd7961bb-karma karma@
46 verbose lock karma@ /root/.npm/cd7961bb-karma.lock
47 silly addNameRange { name: 'bower', range: '*', hasData: false }
48 info retry will retry, error on last attempt: Error: getaddrinfo ENOTFOUND
49 silly addNameRange { name: 'karma', range: '*', hasData: false }
50 verbose request where is /karma
51 verbose request registry https://registry.npmjs.org/
52 verbose url raw /karma
53 verbose url resolving [ 'https://registry.npmjs.org/', './karma' ]
54 verbose url resolved https://registry.npmjs.org/karma
55 verbose request where is https://registry.npmjs.org/karma
56 info trying registry request attempt 1 at 14:46:43
57 http GET https://registry.npmjs.org/karma
58 info retry will retry, error on last attempt: Error: getaddrinfo ENOTFOUND
59 verbose request where is /bower
60 verbose request registry https://registry.npmjs.org/
61 verbose url raw /bower
62 verbose url resolving [ 'https://registry.npmjs.org/', './bower' ]
63 verbose url resolved https://registry.npmjs.org/bower
64 verbose request where is https://registry.npmjs.org/bower
65 info trying registry request attempt 1 at 14:46:43
66 verbose etag "4387D8DCE4NO3GOJ3EZ1FZVZP"
67 http GET https://registry.npmjs.org/bower
68 info retry will retry, error on last attempt: Error: getaddrinfo ENOTFOUND
69 info trying registry request attempt 2 at 14:46:53
70 http GET https://registry.npmjs.org/grunt-cli
71 info retry will retry, error on last attempt: Error: getaddrinfo ENOTFOUND
72 info trying registry request attempt 2 at 14:46:53
73 http GET https://registry.npmjs.org/karma
74 info retry will retry, error on last attempt: Error: getaddrinfo ENOTFOUND
75 info trying registry request attempt 2 at 14:46:53
76 verbose etag "4387D8DCE4NO3GOJ3EZ1FZVZP"
77 http GET https://registry.npmjs.org/bower
78 info retry will retry, error on last attempt: Error: getaddrinfo ENOTFOUND
79 info trying registry request attempt 3 at 14:47:53
80 http GET https://registry.npmjs.org/grunt-cli
81 silly lockFile d63f3d0b-grunt-cli grunt-cli@
82 silly lockFile d63f3d0b-grunt-cli grunt-cli@
83 info trying registry request attempt 3 at 14:47:53
84 http GET https://registry.npmjs.org/karma
85 silly lockFile cd7961bb-karma karma@
86 silly lockFile cd7961bb-karma karma@
87 info trying registry request attempt 3 at 14:47:53
88 verbose etag "4387D8DCE4NO3GOJ3EZ1FZVZP"
89 http GET https://registry.npmjs.org/bower
90 silly registry.get cb [ 304, undefined ]
91 verbose etag https://registry.npmjs.org/bower from cache
92 silly addNameRange number 2 { name: 'bower', range: '*', hasData: true }
93 silly addNameRange versions [ 'bower',
93 silly addNameRange   [ '0.1.0',
93 silly addNameRange     '0.1.2',
93 silly addNameRange     '0.1.3',
93 silly addNameRange     '0.2.0',
93 silly addNameRange     '0.3.0',
93 silly addNameRange     '0.3.1',
93 silly addNameRange     '0.3.2',
93 silly addNameRange     '0.4.0',
93 silly addNameRange     '0.5.0',
93 silly addNameRange     '0.5.1',
93 silly addNameRange     '0.6.0',
93 silly addNameRange     '0.6.1',
93 silly addNameRange     '0.6.2',
93 silly addNameRange     '0.6.3',
93 silly addNameRange     '0.6.4',
93 silly addNameRange     '0.6.5',
93 silly addNameRange     '0.6.6',
93 silly addNameRange     '0.6.7',
93 silly addNameRange     '0.6.8',
93 silly addNameRange     '0.7.0',
93 silly addNameRange     '0.7.1',
93 silly addNameRange     '0.8.0',
93 silly addNameRange     '0.8.1',
93 silly addNameRange     '0.8.2',
93 silly addNameRange     '0.8.3',
93 silly addNameRange     '0.8.4',
93 silly addNameRange     '0.8.5',
93 silly addNameRange     '0.8.6',
93 silly addNameRange     '0.9.0',
93 silly addNameRange     '0.9.1',
93 silly addNameRange     '0.9.2',
93 silly addNameRange     '0.10.0',
93 silly addNameRange     '1.0.0',
93 silly addNameRange     '1.0.1',
93 silly addNameRange     '1.0.2',
93 silly addNameRange     '1.0.3',
93 silly addNameRange     '1.1.0',
93 silly addNameRange     '1.1.1',
93 silly addNameRange     '1.1.2',
93 silly addNameRange     '1.2.0',
93 silly addNameRange     '1.2.1',
93 silly addNameRange     '1.2.2',
93 silly addNameRange     '1.2.3',
93 silly addNameRange     '1.2.4',
93 silly addNameRange     '1.2.5',
93 silly addNameRange     '1.2.6',
93 silly addNameRange     '1.2.7',
93 silly addNameRange     '1.2.8',
93 silly addNameRange     '1.3.0',
93 silly addNameRange     '1.3.1',
93 silly addNameRange     '1.3.2',
93 silly addNameRange     '1.3.3',
93 silly addNameRange     '1.3.4',
93 silly addNameRange     '1.3.5',
93 silly addNameRange     '1.3.6',
93 silly addNameRange     '1.3.7',
93 silly addNameRange     '1.3.8',
93 silly addNameRange     '1.3.9',
93 silly addNameRange     '1.3.10',
93 silly addNameRange     '1.3.11',
93 silly addNameRange     '1.3.12' ] ]
94 verbose addNamed [ 'bower', '1.3.12' ]
95 verbose addNamed [ '1.3.12', '1.3.12' ]
96 silly lockFile 9819431c-bower-1-3-12 bower@1.3.12
97 verbose lock bower@1.3.12 /root/.npm/9819431c-bower-1-3-12.lock
98 silly lockFile 9819431c-bower-1-3-12 bower@1.3.12
99 silly lockFile 9819431c-bower-1-3-12 bower@1.3.12
100 silly lockFile 1240aab1-bower bower@
101 silly lockFile 1240aab1-bower bower@
102 error network getaddrinfo ENOTFOUND
102 error network This is most likely not a problem with npm itself
102 error network and is related to network connectivity.
102 error network In most cases you are behind a proxy or have bad network settings.
102 error network
102 error network If you are behind a proxy, please make sure that the
102 error network 'proxy' config is set properly.  See: 'npm help config'
103 error System Linux 3.2.0-4-amd64
104 error command "/usr/local/bin/node" "/usr/local/bin/npm" "-g" "install" "grunt-cli" "karma" "bower"
105 error cwd /home/transcribe/transcribe-prototype/prototype/web/ng-boilerplate
106 error node -v v0.10.33
107 error npm -v 1.4.28
108 error syscall getaddrinfo
109 error code ENOTFOUND
110 error errno ENOTFOUND
111 verbose exit [ 1, true ]
